<?xml version="1.0" encoding="UTF-8"?>
<!-- Generated by org.testng.reporters.JUnitReportReporter -->
<testsuite hostname="Priyaansh" failures="0" tests="1" name="appiumtests.OpenCalculator" time="24.567" errors="0" timestamp="2024-02-20T14:09:23 IST" skipped="0">
  <testcase classname="appiumtests.OpenCalculator" name="Test" time="24.567"/>
</testsuite> <!-- appiumtests.OpenCalculator -->
